<?xml version="1.0" encoding="UTF-8"?>
<!-- Generated by org.testng.reporters.JUnitReportReporter -->
<testsuite hostname="Pragti" failures="0" tests="4" name="testcases.verifysiteTest" time="9.183" errors="0" timestamp="2024-02-17T08:27:42 IST" skipped="0">
  <testcase classname="testcases.verifysiteTest" name="widowTest" time="1.618"/>
  <system-out/>
  <testcase classname="testcases.verifysiteTest" name="serachTest" time="5.184"/>
  <system-out/>
  <testcase classname="testcases.verifysiteTest" name="linksTest" time="0.081"/>
  <system-out/>
  <testcase classname="testcases.verifysiteTest" name="cretaeaccTest" time="2.300"/>
  <system-out/>
</testsuite> <!-- testcases.verifysiteTest -->
