<?xml version="1.0" encoding="UTF-8"?>
<!-- Generated by org.testng.reporters.JUnitReportReporter -->
<testsuite hostname="Pragti" failures="0" tests="3" name="testcases.CartTest" time="45.346" errors="0" timestamp="2024-03-01T17:37:58 IST" skipped="0">
  <testcase classname="testcases.CartTest" name="logintoapp" time="5.829"/>
  <system-out/>
  <testcase classname="testcases.CartTest" name="homepagedetails" time="34.684"/>
  <system-out/>
  <testcase classname="testcases.CartTest" name="cartpagedetails" time="4.833"/>
  <system-out/>
</testsuite> <!-- testcases.CartTest -->
