<?xml version="1.0" encoding="UTF-8"?>
<!-- Generated by org.testng.reporters.JUnitReportReporter -->
<testsuite hostname="Pragti" failures="0" tests="4" name="testcases.EnrollTest" time="30.028" errors="0" timestamp="2024-03-02T08:15:30 IST" skipped="0">
  <testcase classname="testcases.EnrollTest" name="logintoapp" time="6.064"/>
  <system-out/>
  <testcase classname="testcases.EnrollTest" name="homepagedetails" time="4.645"/>
  <system-out/>
  <testcase classname="testcases.EnrollTest" name="cartpagedetails" time="5.436"/>
  <system-out/>
  <testcase classname="testcases.EnrollTest" name="enrollforcourse" time="13.883"/>
  <system-out/>
</testsuite> <!-- testcases.EnrollTest -->
