<?xml version="1.0" encoding="UTF-8"?>
<!-- Generated by org.testng.reporters.JUnitReportReporter -->
<testsuite hostname="Pragti" failures="0" tests="1" name="testcases.LoginTest" time="7.170" errors="0" timestamp="2024-02-29T10:24:25 IST" skipped="0">
  <testcase classname="testcases.LoginTest" name="loginWithValidCredentials" time="7.170"/>
  <system-out/>
</testsuite> <!-- testcases.LoginTest -->
