<?xml version="1.0" encoding="UTF-8"?>
<!-- Generated by org.testng.reporters.JUnitReportReporter -->
<testsuite hostname="Pragti" failures="0" tests="1" name="testcases.SignupTest" time="9.493" errors="0" timestamp="2024-02-29T10:23:57 IST" skipped="0">
  <testcase classname="testcases.SignupTest" name="loginWithValidCredentials" time="9.493"/>
  <system-out/>
</testsuite> <!-- testcases.SignupTest -->
