<?xml version="1.0" encoding="UTF-8"?>
<!-- Generated by org.testng.reporters.JUnitReportReporter -->
<testsuite hostname="Pragti" failures="0" tests="1" name="testcases.SignupTest" time="6.716" errors="0" timestamp="2024-02-28T09:23:25 IST" skipped="0">
  <testcase classname="testcases.SignupTest" name="loginWithValidCredentials" time="6.716"/>
  <system-out/>
</testsuite> <!-- testcases.SignupTest -->
