<?xml version="1.0" encoding="UTF-8"?>
<!-- Generated by org.testng.reporters.JUnitReportReporter -->
<testsuite hostname="Pragti" failures="0" tests="3" name="testcases.HomeTest" time="17.600" errors="0" timestamp="2024-03-01T09:01:14 IST" skipped="0">
  <testcase classname="testcases.HomeTest" name="loginWithValidCredentials" time="6.811"/>
  <system-out/>
  <testcase classname="testcases.HomeTest" name="logintoapp" time="6.122"/>
  <system-out/>
  <testcase classname="testcases.HomeTest" name="homepagedetails" time="4.667"/>
  <system-out/>
</testsuite> <!-- testcases.HomeTest -->
