<?xml version="1.0" encoding="UTF-8"?>
<!-- Generated by org.testng.reporters.JUnitReportReporter -->
<testsuite hostname="Pragti" failures="0" tests="4" name="testcases.Newy666Test" time="6.297" errors="0" timestamp="2024-02-17T07:50:49 IST" skipped="0">
  <testcase classname="testcases.Newy666Test" name="feTest" time="4.726"/>
  <system-out/>
  <testcase classname="testcases.Newy666Test" name="f6Test" time="1.258"/>
  <system-out/>
  <testcase classname="testcases.Newy666Test" name="f5Test" time="0.140"/>
  <system-out/>
  <testcase classname="testcases.Newy666Test" name="f9Test" time="0.173"/>
  <system-out/>
</testsuite> <!-- testcases.Newy666Test -->
