<?xml version="1.0" encoding="UTF-8"?>
<!-- Generated by org.testng.reporters.JUnitReportReporter -->
<testsuite hostname="Pragti" failures="0" tests="5" name="testcases.SignoutTest" time="33.052" errors="0" timestamp="2024-03-02T08:33:24 IST" skipped="0">
  <testcase classname="testcases.SignoutTest" name="logintoapp" time="6.022"/>
  <system-out/>
  <testcase classname="testcases.SignoutTest" name="homepagedetails" time="4.732"/>
  <system-out/>
  <testcase classname="testcases.SignoutTest" name="cartpagedetails" time="5.294"/>
  <system-out/>
  <testcase classname="testcases.SignoutTest" name="enrollforcourse" time="13.777"/>
  <system-out/>
  <testcase classname="testcases.SignoutTest" name="signoutpagedetails" time="3.227"/>
  <system-out/>
</testsuite> <!-- testcases.SignoutTest -->
