<?xml version="1.0" encoding="UTF-8"?>
<!-- Generated by org.testng.reporters.JUnitReportReporter -->
<testsuite hostname="Pragti" failures="0" tests="2" name="testcases.LoginTest" time="13.630" errors="0" timestamp="2024-03-01T08:56:05 IST" skipped="0">
  <testcase classname="testcases.LoginTest" name="loginWithValidCredentials" time="7.284"/>
  <system-out/>
  <testcase classname="testcases.LoginTest" name="logintoapp" time="6.346"/>
  <system-out/>
</testsuite> <!-- testcases.LoginTest -->
